TN:
SF:src/addreduce.ts
FN:15,(anonymous_0)
FN:24,(anonymous_1)
FN:25,(anonymous_2)
FNF:3
FNH:3
FNDA:1,(anonymous_0)
FNDA:1,(anonymous_1)
FNDA:3,(anonymous_2)
DA:1,1
DA:2,1
DA:15,1
DA:16,1
DA:17,1
DA:25,1
DA:26,3
DA:29,1
LF:8
LH:8
BRF:0
BRH:0
end_of_record
TN:
SF:src/divreduce.ts
FN:15,(anonymous_0)
FN:24,(anonymous_1)
FN:25,(anonymous_2)
FN:35,(anonymous_3)
FNF:4
FNH:4
FNDA:1,(anonymous_0)
FNDA:1,(anonymous_1)
FNDA:3,(anonymous_2)
FNDA:1,(anonymous_3)
DA:1,1
DA:2,1
DA:15,1
DA:16,1
DA:17,1
DA:25,1
DA:26,3
DA:29,1
DA:36,1
LF:9
LH:9
BRF:0
BRH:0
end_of_record
TN:
SF:src/prodreduce.ts
FN:15,(anonymous_0)
FN:24,(anonymous_1)
FN:25,(anonymous_2)
FN:35,(anonymous_3)
FNF:4
FNH:4
FNDA:1,(anonymous_0)
FNDA:1,(anonymous_1)
FNDA:3,(anonymous_2)
FNDA:1,(anonymous_3)
DA:1,1
DA:2,1
DA:15,1
DA:16,1
DA:17,1
DA:25,1
DA:26,3
DA:29,1
DA:36,1
LF:9
LH:9
BRF:0
BRH:0
end_of_record
TN:
SF:src/reduce.ts
FN:13,(anonymous_0)
FN:21,(anonymous_1)
FN:26,(anonymous_2)
FN:47,(anonymous_3)
FNF:4
FNH:4
FNDA:4,(anonymous_0)
FNDA:4,(anonymous_1)
FNDA:12,(anonymous_2)
FNDA:1,(anonymous_3)
DA:1,1
DA:13,4
DA:14,4
DA:22,4
DA:24,4
DA:26,4
DA:27,12
DA:30,4
DA:32,4
DA:34,4
DA:35,4
LF:11
LH:11
BRF:0
BRH:0
end_of_record
TN:
SF:src/subreduce.ts
FN:15,(anonymous_0)
FN:24,(anonymous_1)
FN:25,(anonymous_2)
FN:35,(anonymous_3)
FNF:4
FNH:4
FNDA:1,(anonymous_0)
FNDA:1,(anonymous_1)
FNDA:3,(anonymous_2)
FNDA:1,(anonymous_3)
DA:1,1
DA:2,1
DA:15,1
DA:16,1
DA:17,1
DA:25,1
DA:26,3
DA:29,1
DA:36,1
LF:9
LH:9
BRF:0
BRH:0
end_of_record
